af
af_NA
af_ZA
ar
ar_AE
ar_BH
ar_DZ
ar_EG
ar_IQ
ar_JO
ar_KW
ar_LB
ar_LY
ar_MA
ar_OM
ar_QA
ar_SA
ar_SD
ar_SY
ar_TN
ar_YE
as
as_IN
az
az_Latn
az_Latn_AZ
be
be_BY
bg
bg_BG
bn
bn_BD
bn_IN
ca
ca_ES
cs
cs_CZ
cy
cy_GB
da
da_DK
de
de_
de_AT
de_BE
de_CH
de_DE
de_LU
de__PHONEBOOK
el
el_GR
en
en_AU
en_BE
en_BW
en_CA
en_GB
en_HK
en_IE
en_IN
en_MT
en_NZ
en_PH
en_SG
en_US
en_US_POSIX
en_VI
en_ZA
en_ZW
eo
es
es_
es_AR
es_BO
es_CL
es_CO
es_CR
es_DO
es_EC
es_ES
es_GT
es_HN
es_MX
es_NI
es_PA
es_PE
es_PR
es_PY
es_SV
es_US
es_UY
es_VE
es__TRADITIONAL
et
et_EE
fa
fa_AF
fa_IR
fi
fi_FI
fil
fo
fo_FO
fr
fr_BE
fr_CA
fr_CH
fr_FR
fr_LU
ga
ga_IE
gu
gu_IN
ha
ha_Latn
ha_Latn_GH
ha_Latn_NE
ha_Latn_NG
haw
he
he_IL
hi
hi_
hi_IN
hi__DIRECT
hr
hr_HR
hu
hu_HU
hy
hy_AM
id
id_ID
ig
ig_NG
in
in_ID
is
is_IS
it
it_CH
it_IT
iw
iw_IL
ja
ja_JP
ka
ka_GE
kk
kk_KZ
kl
kl_GL
km
kn
kn_IN
ko
ko_KR
kok
kok_IN
lt
lt_LT
lv
lv_LV
mk
mk_MK
ml
ml_IN
mr
mr_IN
ms
ms_BN
ms_MY
mt
mt_MT
nb
nb_NO
nl
nl_BE
nl_NL
nn
nn_NO
no
no_NO
om
om_ET
om_KE
or
or_IN
pa
pa_Arab
pa_Arab_PK
pa_Guru
pa_Guru_IN
pa_IN
pl
pl_PL
ps
ps_AF
pt
pt_BR
pt_PT
ro
ro_RO
root
ru
ru_RU
ru_UA
sh
sh_BA
sh_YU
si
si_LK
sk
sk_SK
sl
sl_SI
sq
sq_AL
sr
sr_BA
sr_Cyrl
sr_Cyrl_BA
sr_Cyrl_ME
sr_Cyrl_RS
sr_Latn
sr_Latn_BA
sr_Latn_ME
sr_Latn_RS
sr_ME
sr_RS
st
st_LS
st_ZA
sv
sv_FI
sv_SE
sw
sw_KE
sw_TZ
ta
ta_IN
te
te_IN
th
th_TH
to
tr
tr_TR
uk
uk_UA
ur
ur_IN
ur_PK
vi
vi_VN
xh
xh_ZA
yo
yo_NG
zh
zh_
zh_CN
zh_HK
zh_Hans
zh_Hans_CN
zh_Hans_SG
zh_Hant
zh_Hant_HK
zh_Hant_MO
zh_Hant_TW
zh_MO
zh_SG
zh_TW
zh_TW_STROKE
zh__PINYIN
zu
zu_ZA