af
ak
am
ar
as
asa
az
az_AZ
az_Cyrl
az_Latn
az_Latn_AZ
be
bem
bez
bg
bm
bn
bo
ca
cgg
chr
cs
cy
da
dav
de
ebu
ee
el
en
en_AU
en_CA
en_GB
en_NZ
en_RH
en_ZA
en_ZW
eo
es
et
eu
fa
ff
fi
fil
fo
fr
fr_CA
ga
gl
gsw
gu
guz
gv
ha
ha_GH
ha_Latn
ha_Latn_GH
ha_Latn_NE
ha_Latn_NG
ha_NE
ha_NG
haw
he
he_IL
hi
hr
hu
hy
id
id_ID
ig
ii
in
in_ID
is
it
iw
iw_IL
ja
ja_JP
ja_JP_TRADITIONAL
jmc
ka
kab
kam
kde
kea
khq
ki
kk
kk_Cyrl
kk_Cyrl_KZ
kk_KZ
kl
kln
km
kn
ko
kok
kw
lag
lg
lt
luo
luy
lv
mas
mer
mfe
mg
mk
ml
mr
ms
mt
naq
nb
nb_NO
nd
ne
nl
nn
nn_NO
no
no_NO
no_NO_NY
nyn
om
or
pa
pa_Arab
pa_Arab_PK
pa_Guru
pa_Guru_IN
pa_IN
pa_PK
pl
ps
pt
pt_PT
rm
ro
rof
root
ru
rw
rwk
saq
seh
ses
sg
sh
sh_BA
sh_CS
sh_YU
shi
shi_Latn
shi_Latn_MA
shi_MA
shi_Tfng
si
sk
sl
sn
so
sq
sr
sr_BA
sr_CS
sr_Cyrl
sr_Cyrl_BA
sr_Cyrl_CS
sr_Cyrl_RS
sr_Cyrl_YU
sr_Latn
sr_Latn_BA
sr_Latn_CS
sr_Latn_ME
sr_Latn_RS
sr_Latn_YU
sr_ME
sr_RS
sr_YU
sv
sw
ta
te
teo
th
th_TH
th_TH_TRADITIONAL
ti
tl
to
tr
tzm
tzm_Latn
tzm_Latn_MA
tzm_MA
uk
ur
uz
uz_AF
uz_Arab
uz_Arab_AF
uz_Cyrl
uz_Cyrl_UZ
uz_Latn
uz_UZ
vi
vun
xog
yo
zh
zh_CN
zh_HK
zh_Hans
zh_Hans_CN
zh_Hans_SG
zh_Hant
zh_Hant_HK
zh_Hant_MO
zh_Hant_TW
zh_MO
zh_SG
zh_TW
zu